[2020-11-13 14:56:12] local.ERROR: Undefined variable: services (View: /home/mohamedelshazly/Documents/Medical-Clinic/resources/views/siteAdmin/places/index.blade.php) {"userId":1,"email":"jessyca.haley@example.org","exception":"[object] (ErrorException(code: 0): Undefined variable: services (View: /home/mohamedelshazly/Documents/Medical-Clinic/resources/views/siteAdmin/places/index.blade.php) at /home/mohamedelshazly/Documents/Medical-Clinic/storage/framework/views/7826162c77e69582d1e11d032b70ac338a6989e8.php:98, ErrorException(code: 0): Undefined variable: services at /home/mohamedelshazly/Documents/Medical-Clinic/storage/framework/views/7826162c77e69582d1e11d032b70ac338a6989e8.php:98)
[stacktrace]
#0 /home/mohamedelshazly/Documents/Medical-Clinic/vendor/laravel/framework/src/Illuminate/View/Engines/PhpEngine.php(45): Illuminate\\View\\Engines\\CompilerEngine->handleViewException(Object(ErrorException), 1)
#1 /home/mohamedelshazly/Documents/Medical-Clinic/vendor/laravel/framework/src/Illuminate/View/Engines/CompilerEngine.php(59): Illuminate\\View\\Engines\\PhpEngine->evaluatePath('/home/mohamedel...', Array)
#2 /home/mohamedelshazly/Documents/Medical-Clinic/vendor/laravel/framework/src/Illuminate/View/View.php(137): Illuminate\\View\\Engines\\CompilerEngine->get('/home/mohamedel...', Array)
#3 /home/mohamedelshazly/Documents/Medical-Clinic/vendor/laravel/framework/src/Illuminate/View/View.php(120): Illuminate\\View\\View->getContents()
#4 /home/mohamedelshazly/Documents/Medical-Clinic/vendor/laravel/framework/src/Illuminate/View/View.php(85): Illuminate\\View\\View->renderContents()
#5 /home/mohamedelshazly/Documents/Medical-Clinic/vendor/laravel/framework/src/Illuminate/Http/Response.php(42): Illuminate\\View\\View->render()
#6 /home/mohamedelshazly/Documents/Medical-Clinic/vendor/symfony/http-foundation/Response.php(206): Illuminate\\Http\\Response->setContent(Object(Illuminate\\View\\View))
#7 /home/mohamedelshazly/Documents/Medical-Clinic/vendor/laravel/framework/src/Illuminate/Routing/Router.php(724): Symfony\\Component\\HttpFoundation\\Response->__construct(Object(Illuminate\\View\\View))
#8 /home/mohamedelshazly/Documents/Medical-Clinic/vendor/laravel/framework/src/Illuminate/Routing/Router.php(698): Illuminate\\Routing\\Router::toResponse(Object(Illuminate\\Http\\Request), Object(Illuminate\\View\\View))
#9 /home/mohamedelshazly/Documents/Medical-Clinic/vendor/laravel/framework/src/Illuminate/Routing/Router.php(658): Illuminate\\Routing\\Router->prepareResponse(Object(Illuminate\\Http\\Request), Object(Illuminate\\View\\View))
#10 /home/mohamedelshazly/Documents/Medical-Clinic/vendor/laravel/framework/src/Illuminate/Routing/Pipeline.php(30): Illuminate\\Routing\\Router->Illuminate\\Routing\\{closure}(Object(Illuminate\\Http\\Request))
#11 /home/mohamedelshazly/Documents/Medical-Clinic/app/Http/Middleware/Admin.php(22): Illuminate\\Routing\\Pipeline->Illuminate\\Routing\\{closure}(Object(Illuminate\\Http\\Request))
#12 /home/mohamedelshazly/Documents/Medical-Clinic/vendor/laravel/framework/src/Illuminate/Pipeline/Pipeline.php(149): App\\Http\\Middleware\\Admin->handle(Object(Illuminate\\Http\\Request), Object(Closure))
#13 /home/mohamedelshazly/Documents/Medical-Clinic/vendor/laravel/framework/src/Illuminate/Routing/Pipeline.php(53): Illuminate\\Pipeline\\Pipeline->Illuminate\\Pipeline\\{closure}(Object(Illuminate\\Http\\Request))
#14 /home/mohamedelshazly/Documents/Medical-Clinic/vendor/laravel/framework/src/Illuminate/Routing/Middleware/SubstituteBindings.php(41): Illuminate\\Routing\\Pipeline->Illuminate\\Routing\\{closure}(Object(Illuminate\\Http\\Request))
#15 /home/mohamedelshazly/Documents/Medical-Clinic/vendor/laravel/framework/src/Illuminate/Pipeline/Pipeline.php(149): Illuminate\\Routing\\Middleware\\SubstituteBindings->handle(Object(Illuminate\\Http\\Request), Object(Closure))
#16 /home/mohamedelshazly/Documents/Medical-Clinic/vendor/laravel/framework/src/Illuminate/Routing/Pipeline.php(53): Illuminate\\Pipeline\\Pipeline->Illuminate\\Pipeline\\{closure}(Object(Illuminate\\Http\\Request))
#17 /home/mohamedelshazly/Documents/Medical-Clinic/vendor/laravel/framework/src/Illuminate/Foundation/Http/Middleware/VerifyCsrfToken.php(68): Illuminate\\Routing\\Pipeline->Illuminate\\Routing\\{closure}(Object(Illuminate\\Http\\Request))
#18 /home/mohamedelshazly/Documents/Medical-Clinic/vendor/laravel/framework/src/Illuminate/Pipeline/Pipeline.php(149): Illuminate\\Foundation\\Http\\Middleware\\VerifyCsrfToken->handle(Object(Illuminate\\Http\\Request), Object(Closure))
#19 /home/mohamedelshazly/Documents/Medical-Clinic/vendor/laravel/framework/src/Illuminate/Routing/Pipeline.php(53): Illuminate\\Pipeline\\Pipeline->Illuminate\\Pipeline\\{closure}(Object(Illuminate\\Http\\Request))
#20 /home/mohamedelshazly/Documents/Medical-Clinic/vendor/laravel/framework/src/Illuminate/View/Middleware/ShareErrorsFromSession.php(49): Illuminate\\Routing\\Pipeline->Illuminate\\Routing\\{closure}(Object(Illuminate\\Http\\Request))
#21 /home/mohamedelshazly/Documents/Medical-Clinic/vendor/laravel/framework/src/Illuminate/Pipeline/Pipeline.php(149): Illuminate\\View\\Middleware\\ShareErrorsFromSession->handle(Object(Illuminate\\Http\\Request), Object(Closure))
#22 /home/mohamedelshazly/Documents/Medical-Clinic/vendor/laravel/framework/src/Illuminate/Routing/Pipeline.php(53): Illuminate\\Pipeline\\Pipeline->Illuminate\\Pipeline\\{closure}(Object(Illuminate\\Http\\Request))
#23 /home/mohamedelshazly/Documents/Medical-Clinic/vendor/laravel/framework/src/Illuminate/Session/Middleware/StartSession.php(63): Illuminate\\Routing\\Pipeline->Illuminate\\Routing\\{closure}(Object(Illuminate\\Http\\Request))
#24 /home/mohamedelshazly/Documents/Medical-Clinic/vendor/laravel/framework/src/Illuminate/Pipeline/Pipeline.php(149): Illuminate\\Session\\Middleware\\StartSession->handle(Object(Illuminate\\Http\\Request), Object(Closure))
#25 /home/mohamedelshazly/Documents/Medical-Clinic/vendor/laravel/framework/src/Illuminate/Routing/Pipeline.php(53): Illuminate\\Pipeline\\Pipeline->Illuminate\\Pipeline\\{closure}(Object(Illuminate\\Http\\Request))
#26 /home/mohamedelshazly/Documents/Medical-Clinic/vendor/laravel/framework/src/Illuminate/Cookie/Middleware/AddQueuedCookiesToResponse.php(37): Illuminate\\Routing\\Pipeline->Illuminate\\Routing\\{closure}(Object(Illuminate\\Http\\Request))
#27 /home/mohamedelshazly/Documents/Medical-Clinic/vendor/laravel/framework/src/Illuminate/Pipeline/Pipeline.php(149): Illuminate\\Cookie\\Middleware\\AddQueuedCookiesToResponse->handle(Object(Illuminate\\Http\\Request), Object(Closure))
#28 /home/mohamedelshazly/Documents/Medical-Clinic/vendor/laravel/framework/src/Illuminate/Routing/Pipeline.php(53): Illuminate\\Pipeline\\Pipeline->Illuminate\\Pipeline\\{closure}(Object(Illuminate\\Http\\Request))
#29 /home/mohamedelshazly/Documents/Medical-Clinic/vendor/laravel/framework/src/Illuminate/Cookie/Middleware/EncryptCookies.php(68): Illuminate\\Routing\\Pipeline->Illuminate\\Routing\\{closure}(Object(Illuminate\\Http\\Request))
#30 /home/mohamedelshazly/Documents/Medical-Clinic/vendor/laravel/framework/src/Illuminate/Pipeline/Pipeline.php(149): Illuminate\\Cookie\\Middleware\\EncryptCookies->handle(Object(Illuminate\\Http\\Request), Object(Closure))
#31 /home/mohamedelshazly/Documents/Medical-Clinic/vendor/laravel/framework/src/Illuminate/Routing/Pipeline.php(53): Illuminate\\Pipeline\\Pipeline->Illuminate\\Pipeline\\{closure}(Object(Illuminate\\Http\\Request))
#32 /home/mohamedelshazly/Documents/Medical-Clinic/vendor/laravel/framework/src/Illuminate/Pipeline/Pipeline.php(102): Illuminate\\Routing\\Pipeline->Illuminate\\Routing\\{closure}(Object(Illuminate\\Http\\Request))
#33 /home/mohamedelshazly/Documents/Medical-Clinic/vendor/laravel/framework/src/Illuminate/Routing/Router.php(660): Illuminate\\Pipeline\\Pipeline->then(Object(Closure))
#34 /home/mohamedelshazly/Documents/Medical-Clinic/vendor/laravel/framework/src/Illuminate/Routing/Router.php(635): Illuminate\\Routing\\Router->runRouteWithinStack(Object(Illuminate\\Routing\\Route), Object(Illuminate\\Http\\Request))
#35 /home/mohamedelshazly/Documents/Medical-Clinic/vendor/laravel/framework/src/Illuminate/Routing/Router.php(601): Illuminate\\Routing\\Router->runRoute(Object(Illuminate\\Http\\Request), Object(Illuminate\\Routing\\Route))
#36 /home/mohamedelshazly/Documents/Medical-Clinic/vendor/laravel/framework/src/Illuminate/Routing/Router.php(590): Illuminate\\Routing\\Router->dispatchToRoute(Object(Illuminate\\Http\\Request))
#37 /home/mohamedelshazly/Documents/Medical-Clinic/vendor/laravel/framework/src/Illuminate/Foundation/Http/Kernel.php(176): Illuminate\\Routing\\Router->dispatch(Object(Illuminate\\Http\\Request))
#38 /home/mohamedelshazly/Documents/Medical-Clinic/vendor/laravel/framework/src/Illuminate/Routing/Pipeline.php(30): Illuminate\\Foundation\\Http\\Kernel->Illuminate\\Foundation\\Http\\{closure}(Object(Illuminate\\Http\\Request))
#39 /home/mohamedelshazly/Documents/Medical-Clinic/vendor/fideloper/proxy/src/TrustProxies.php(56): Illuminate\\Routing\\Pipeline->Illuminate\\Routing\\{closure}(Object(Illuminate\\Http\\Request))
#40 /home/mohamedelshazly/Documents/Medical-Clinic/vendor/laravel/framework/src/Illuminate/Pipeline/Pipeline.php(149): Fideloper\\Proxy\\TrustProxies->handle(Object(Illuminate\\Http\\Request), Object(Closure))
#41 /home/mohamedelshazly/Documents/Medical-Clinic/vendor/laravel/framework/src/Illuminate/Routing/Pipeline.php(53): Illuminate\\Pipeline\\Pipeline->Illuminate\\Pipeline\\{closure}(Object(Illuminate\\Http\\Request))
#42 /home/mohamedelshazly/Documents/Medical-Clinic/vendor/laravel/framework/src/Illuminate/Foundation/Http/Middleware/TransformsRequest.php(30): Illuminate\\Routing\\Pipeline->Illuminate\\Routing\\{closure}(Object(Illuminate\\Http\\Request))
#43 /home/mohamedelshazly/Documents/Medical-Clinic/vendor/laravel/framework/src/Illuminate/Pipeline/Pipeline.php(149): Illuminate\\Foundation\\Http\\Middleware\\TransformsRequest->handle(Object(Illuminate\\Http\\Request), Object(Closure))
#44 /home/mohamedelshazly/Documents/Medical-Clinic/vendor/laravel/framework/src/Illuminate/Routing/Pipeline.php(53): Illuminate\\Pipeline\\Pipeline->Illuminate\\Pipeline\\{closure}(Object(Illuminate\\Http\\Request))
#45 /home/mohamedelshazly/Documents/Medical-Clinic/vendor/laravel/framework/src/Illuminate/Foundation/Http/Middleware/TransformsRequest.php(30): Illuminate\\Routing\\Pipeline->Illuminate\\Routing\\{closure}(Object(Illuminate\\Http\\Request))
#46 /home/mohamedelshazly/Documents/Medical-Clinic/vendor/laravel/framework/src/Illuminate/Pipeline/Pipeline.php(149): Illuminate\\Foundation\\Http\\Middleware\\TransformsRequest->handle(Object(Illuminate\\Http\\Request), Object(Closure))
#47 /home/mohamedelshazly/Documents/Medical-Clinic/vendor/laravel/framework/src/Illuminate/Routing/Pipeline.php(53): Illuminate\\Pipeline\\Pipeline->Illuminate\\Pipeline\\{closure}(Object(Illuminate\\Http\\Request))
#48 /home/mohamedelshazly/Documents/Medical-Clinic/vendor/laravel/framework/src/Illuminate/Foundation/Http/Middleware/ValidatePostSize.php(27): Illuminate\\Routing\\Pipeline->Illuminate\\Routing\\{closure}(Object(Illuminate\\Http\\Request))
#49 /home/mohamedelshazly/Documents/Medical-Clinic/vendor/laravel/framework/src/Illuminate/Pipeline/Pipeline.php(149): Illuminate\\Foundation\\Http\\Middleware\\ValidatePostSize->handle(Object(Illuminate\\Http\\Request), Object(Closure))
#50 /home/mohamedelshazly/Documents/Medical-Clinic/vendor/laravel/framework/src/Illuminate/Routing/Pipeline.php(53): Illuminate\\Pipeline\\Pipeline->Illuminate\\Pipeline\\{closure}(Object(Illuminate\\Http\\Request))
#51 /home/mohamedelshazly/Documents/Medical-Clinic/vendor/laravel/framework/src/Illuminate/Foundation/Http/Middleware/CheckForMaintenanceMode.php(46): Illuminate\\Routing\\Pipeline->Illuminate\\Routing\\{closure}(Object(Illuminate\\Http\\Request))
#52 /home/mohamedelshazly/Documents/Medical-Clinic/vendor/laravel/framework/src/Illuminate/Pipeline/Pipeline.php(149): Illuminate\\Foundation\\Http\\Middleware\\CheckForMaintenanceMode->handle(Object(Illuminate\\Http\\Request), Object(Closure))
#53 /home/mohamedelshazly/Documents/Medical-Clinic/vendor/laravel/framework/src/Illuminate/Routing/Pipeline.php(53): Illuminate\\Pipeline\\Pipeline->Illuminate\\Pipeline\\{closure}(Object(Illuminate\\Http\\Request))
#54 /home/mohamedelshazly/Documents/Medical-Clinic/vendor/laravel/framework/src/Illuminate/Pipeline/Pipeline.php(102): Illuminate\\Routing\\Pipeline->Illuminate\\Routing\\{closure}(Object(Illuminate\\Http\\Request))
#55 /home/mohamedelshazly/Documents/Medical-Clinic/vendor/laravel/framework/src/Illuminate/Foundation/Http/Kernel.php(151): Illuminate\\Pipeline\\Pipeline->then(Object(Closure))
#56 /home/mohamedelshazly/Documents/Medical-Clinic/vendor/laravel/framework/src/Illuminate/Foundation/Http/Kernel.php(116): Illuminate\\Foundation\\Http\\Kernel->sendRequestThroughRouter(Object(Illuminate\\Http\\Request))
#57 /home/mohamedelshazly/Documents/Medical-Clinic/public/index.php(55): Illuminate\\Foundation\\Http\\Kernel->handle(Object(Illuminate\\Http\\Request))
#58 /home/mohamedelshazly/Documents/Medical-Clinic/server.php(21): require_once('/home/mohamedel...')
#59 {main}
"} 
[2020-11-13 15:25:25] local.ERROR: Method links does not exist. (View: /home/mohamedelshazly/Documents/Medical-Clinic/resources/views/pages/show.blade.php) {"userId":1,"email":"jessyca.haley@example.org","exception":"[object] (ErrorException(code: 0): Method links does not exist. (View: /home/mohamedelshazly/Documents/Medical-Clinic/resources/views/pages/show.blade.php) at /home/mohamedelshazly/Documents/Medical-Clinic/vendor/laravel/framework/src/Illuminate/Support/Traits/Macroable.php:96, BadMethodCallException(code: 0): Method links does not exist. at /home/mohamedelshazly/Documents/Medical-Clinic/vendor/laravel/framework/src/Illuminate/Support/Traits/Macroable.php:96)
[stacktrace]
#0 /home/mohamedelshazly/Documents/Medical-Clinic/vendor/laravel/framework/src/Illuminate/View/Engines/PhpEngine.php(45): Illuminate\\View\\Engines\\CompilerEngine->handleViewException(Object(BadMethodCallException), 1)
#1 /home/mohamedelshazly/Documents/Medical-Clinic/vendor/laravel/framework/src/Illuminate/View/Engines/CompilerEngine.php(59): Illuminate\\View\\Engines\\PhpEngine->evaluatePath('/home/mohamedel...', Array)
#2 /home/mohamedelshazly/Documents/Medical-Clinic/vendor/laravel/framework/src/Illuminate/View/View.php(137): Illuminate\\View\\Engines\\CompilerEngine->get('/home/mohamedel...', Array)
#3 /home/mohamedelshazly/Documents/Medical-Clinic/vendor/laravel/framework/src/Illuminate/View/View.php(120): Illuminate\\View\\View->getContents()
#4 /home/mohamedelshazly/Documents/Medical-Clinic/vendor/laravel/framework/src/Illuminate/View/View.php(85): Illuminate\\View\\View->renderContents()
#5 /home/mohamedelshazly/Documents/Medical-Clinic/vendor/laravel/framework/src/Illuminate/Http/Response.php(42): Illuminate\\View\\View->render()
#6 /home/mohamedelshazly/Documents/Medical-Clinic/vendor/symfony/http-foundation/Response.php(206): Illuminate\\Http\\Response->setContent(Object(Illuminate\\View\\View))
#7 /home/mohamedelshazly/Documents/Medical-Clinic/vendor/laravel/framework/src/Illuminate/Routing/Router.php(724): Symfony\\Component\\HttpFoundation\\Response->__construct(Object(Illuminate\\View\\View))
#8 /home/mohamedelshazly/Documents/Medical-Clinic/vendor/laravel/framework/src/Illuminate/Routing/Router.php(698): Illuminate\\Routing\\Router::toResponse(Object(Illuminate\\Http\\Request), Object(Illuminate\\View\\View))
#9 /home/mohamedelshazly/Documents/Medical-Clinic/vendor/laravel/framework/src/Illuminate/Routing/Router.php(658): Illuminate\\Routing\\Router->prepareResponse(Object(Illuminate\\Http\\Request), Object(Illuminate\\View\\View))
#10 /home/mohamedelshazly/Documents/Medical-Clinic/vendor/laravel/framework/src/Illuminate/Routing/Pipeline.php(30): Illuminate\\Routing\\Router->Illuminate\\Routing\\{closure}(Object(Illuminate\\Http\\Request))
#11 /home/mohamedelshazly/Documents/Medical-Clinic/vendor/laravel/framework/src/Illuminate/Routing/Middleware/SubstituteBindings.php(41): Illuminate\\Routing\\Pipeline->Illuminate\\Routing\\{closure}(Object(Illuminate\\Http\\Request))
#12 /home/mohamedelshazly/Documents/Medical-Clinic/vendor/laravel/framework/src/Illuminate/Pipeline/Pipeline.php(149): Illuminate\\Routing\\Middleware\\SubstituteBindings->handle(Object(Illuminate\\Http\\Request), Object(Closure))
#13 /home/mohamedelshazly/Documents/Medical-Clinic/vendor/laravel/framework/src/Illuminate/Routing/Pipeline.php(53): Illuminate\\Pipeline\\Pipeline->Illuminate\\Pipeline\\{closure}(Object(Illuminate\\Http\\Request))
#14 /home/mohamedelshazly/Documents/Medical-Clinic/vendor/laravel/framework/src/Illuminate/Foundation/Http/Middleware/VerifyCsrfToken.php(68): Illuminate\\Routing\\Pipeline->Illuminate\\Routing\\{closure}(Object(Illuminate\\Http\\Request))
#15 /home/mohamedelshazly/Documents/Medical-Clinic/vendor/laravel/framework/src/Illuminate/Pipeline/Pipeline.php(149): Illuminate\\Foundation\\Http\\Middleware\\VerifyCsrfToken->handle(Object(Illuminate\\Http\\Request), Object(Closure))
#16 /home/mohamedelshazly/Documents/Medical-Clinic/vendor/laravel/framework/src/Illuminate/Routing/Pipeline.php(53): Illuminate\\Pipeline\\Pipeline->Illuminate\\Pipeline\\{closure}(Object(Illuminate\\Http\\Request))
#17 /home/mohamedelshazly/Documents/Medical-Clinic/vendor/laravel/framework/src/Illuminate/View/Middleware/ShareErrorsFromSession.php(49): Illuminate\\Routing\\Pipeline->Illuminate\\Routing\\{closure}(Object(Illuminate\\Http\\Request))
#18 /home/mohamedelshazly/Documents/Medical-Clinic/vendor/laravel/framework/src/Illuminate/Pipeline/Pipeline.php(149): Illuminate\\View\\Middleware\\ShareErrorsFromSession->handle(Object(Illuminate\\Http\\Request), Object(Closure))
#19 /home/mohamedelshazly/Documents/Medical-Clinic/vendor/laravel/framework/src/Illuminate/Routing/Pipeline.php(53): Illuminate\\Pipeline\\Pipeline->Illuminate\\Pipeline\\{closure}(Object(Illuminate\\Http\\Request))
#20 /home/mohamedelshazly/Documents/Medical-Clinic/vendor/laravel/framework/src/Illuminate/Session/Middleware/StartSession.php(63): Illuminate\\Routing\\Pipeline->Illuminate\\Routing\\{closure}(Object(Illuminate\\Http\\Request))
#21 /home/mohamedelshazly/Documents/Medical-Clinic/vendor/laravel/framework/src/Illuminate/Pipeline/Pipeline.php(149): Illuminate\\Session\\Middleware\\StartSession->handle(Object(Illuminate\\Http\\Request), Object(Closure))
#22 /home/mohamedelshazly/Documents/Medical-Clinic/vendor/laravel/framework/src/Illuminate/Routing/Pipeline.php(53): Illuminate\\Pipeline\\Pipeline->Illuminate\\Pipeline\\{closure}(Object(Illuminate\\Http\\Request))
#23 /home/mohamedelshazly/Documents/Medical-Clinic/vendor/laravel/framework/src/Illuminate/Cookie/Middleware/AddQueuedCookiesToResponse.php(37): Illuminate\\Routing\\Pipeline->Illuminate\\Routing\\{closure}(Object(Illuminate\\Http\\Request))
#24 /home/mohamedelshazly/Documents/Medical-Clinic/vendor/laravel/framework/src/Illuminate/Pipeline/Pipeline.php(149): Illuminate\\Cookie\\Middleware\\AddQueuedCookiesToResponse->handle(Object(Illuminate\\Http\\Request), Object(Closure))
#25 /home/mohamedelshazly/Documents/Medical-Clinic/vendor/laravel/framework/src/Illuminate/Routing/Pipeline.php(53): Illuminate\\Pipeline\\Pipeline->Illuminate\\Pipeline\\{closure}(Object(Illuminate\\Http\\Request))
#26 /home/mohamedelshazly/Documents/Medical-Clinic/vendor/laravel/framework/src/Illuminate/Cookie/Middleware/EncryptCookies.php(68): Illuminate\\Routing\\Pipeline->Illuminate\\Routing\\{closure}(Object(Illuminate\\Http\\Request))
#27 /home/mohamedelshazly/Documents/Medical-Clinic/vendor/laravel/framework/src/Illuminate/Pipeline/Pipeline.php(149): Illuminate\\Cookie\\Middleware\\EncryptCookies->handle(Object(Illuminate\\Http\\Request), Object(Closure))
#28 /home/mohamedelshazly/Documents/Medical-Clinic/vendor/laravel/framework/src/Illuminate/Routing/Pipeline.php(53): Illuminate\\Pipeline\\Pipeline->Illuminate\\Pipeline\\{closure}(Object(Illuminate\\Http\\Request))
#29 /home/mohamedelshazly/Documents/Medical-Clinic/vendor/laravel/framework/src/Illuminate/Pipeline/Pipeline.php(102): Illuminate\\Routing\\Pipeline->Illuminate\\Routing\\{closure}(Object(Illuminate\\Http\\Request))
#30 /home/mohamedelshazly/Documents/Medical-Clinic/vendor/laravel/framework/src/Illuminate/Routing/Router.php(660): Illuminate\\Pipeline\\Pipeline->then(Object(Closure))
#31 /home/mohamedelshazly/Documents/Medical-Clinic/vendor/laravel/framework/src/Illuminate/Routing/Router.php(635): Illuminate\\Routing\\Router->runRouteWithinStack(Object(Illuminate\\Routing\\Route), Object(Illuminate\\Http\\Request))
#32 /home/mohamedelshazly/Documents/Medical-Clinic/vendor/laravel/framework/src/Illuminate/Routing/Router.php(601): Illuminate\\Routing\\Router->runRoute(Object(Illuminate\\Http\\Request), Object(Illuminate\\Routing\\Route))
#33 /home/mohamedelshazly/Documents/Medical-Clinic/vendor/laravel/framework/src/Illuminate/Routing/Router.php(590): Illuminate\\Routing\\Router->dispatchToRoute(Object(Illuminate\\Http\\Request))
#34 /home/mohamedelshazly/Documents/Medical-Clinic/vendor/laravel/framework/src/Illuminate/Foundation/Http/Kernel.php(176): Illuminate\\Routing\\Router->dispatch(Object(Illuminate\\Http\\Request))
#35 /home/mohamedelshazly/Documents/Medical-Clinic/vendor/laravel/framework/src/Illuminate/Routing/Pipeline.php(30): Illuminate\\Foundation\\Http\\Kernel->Illuminate\\Foundation\\Http\\{closure}(Object(Illuminate\\Http\\Request))
#36 /home/mohamedelshazly/Documents/Medical-Clinic/vendor/fideloper/proxy/src/TrustProxies.php(56): Illuminate\\Routing\\Pipeline->Illuminate\\Routing\\{closure}(Object(Illuminate\\Http\\Request))
#37 /home/mohamedelshazly/Documents/Medical-Clinic/vendor/laravel/framework/src/Illuminate/Pipeline/Pipeline.php(149): Fideloper\\Proxy\\TrustProxies->handle(Object(Illuminate\\Http\\Request), Object(Closure))
#38 /home/mohamedelshazly/Documents/Medical-Clinic/vendor/laravel/framework/src/Illuminate/Routing/Pipeline.php(53): Illuminate\\Pipeline\\Pipeline->Illuminate\\Pipeline\\{closure}(Object(Illuminate\\Http\\Request))
#39 /home/mohamedelshazly/Documents/Medical-Clinic/vendor/laravel/framework/src/Illuminate/Foundation/Http/Middleware/TransformsRequest.php(30): Illuminate\\Routing\\Pipeline->Illuminate\\Routing\\{closure}(Object(Illuminate\\Http\\Request))
#40 /home/mohamedelshazly/Documents/Medical-Clinic/vendor/laravel/framework/src/Illuminate/Pipeline/Pipeline.php(149): Illuminate\\Foundation\\Http\\Middleware\\TransformsRequest->handle(Object(Illuminate\\Http\\Request), Object(Closure))
#41 /home/mohamedelshazly/Documents/Medical-Clinic/vendor/laravel/framework/src/Illuminate/Routing/Pipeline.php(53): Illuminate\\Pipeline\\Pipeline->Illuminate\\Pipeline\\{closure}(Object(Illuminate\\Http\\Request))
#42 /home/mohamedelshazly/Documents/Medical-Clinic/vendor/laravel/framework/src/Illuminate/Foundation/Http/Middleware/TransformsRequest.php(30): Illuminate\\Routing\\Pipeline->Illuminate\\Routing\\{closure}(Object(Illuminate\\Http\\Request))
#43 /home/mohamedelshazly/Documents/Medical-Clinic/vendor/laravel/framework/src/Illuminate/Pipeline/Pipeline.php(149): Illuminate\\Foundation\\Http\\Middleware\\TransformsRequest->handle(Object(Illuminate\\Http\\Request), Object(Closure))
#44 /home/mohamedelshazly/Documents/Medical-Clinic/vendor/laravel/framework/src/Illuminate/Routing/Pipeline.php(53): Illuminate\\Pipeline\\Pipeline->Illuminate\\Pipeline\\{closure}(Object(Illuminate\\Http\\Request))
#45 /home/mohamedelshazly/Documents/Medical-Clinic/vendor/laravel/framework/src/Illuminate/Foundation/Http/Middleware/ValidatePostSize.php(27): Illuminate\\Routing\\Pipeline->Illuminate\\Routing\\{closure}(Object(Illuminate\\Http\\Request))
#46 /home/mohamedelshazly/Documents/Medical-Clinic/vendor/laravel/framework/src/Illuminate/Pipeline/Pipeline.php(149): Illuminate\\Foundation\\Http\\Middleware\\ValidatePostSize->handle(Object(Illuminate\\Http\\Request), Object(Closure))
#47 /home/mohamedelshazly/Documents/Medical-Clinic/vendor/laravel/framework/src/Illuminate/Routing/Pipeline.php(53): Illuminate\\Pipeline\\Pipeline->Illuminate\\Pipeline\\{closure}(Object(Illuminate\\Http\\Request))
#48 /home/mohamedelshazly/Documents/Medical-Clinic/vendor/laravel/framework/src/Illuminate/Foundation/Http/Middleware/CheckForMaintenanceMode.php(46): Illuminate\\Routing\\Pipeline->Illuminate\\Routing\\{closure}(Object(Illuminate\\Http\\Request))
#49 /home/mohamedelshazly/Documents/Medical-Clinic/vendor/laravel/framework/src/Illuminate/Pipeline/Pipeline.php(149): Illuminate\\Foundation\\Http\\Middleware\\CheckForMaintenanceMode->handle(Object(Illuminate\\Http\\Request), Object(Closure))
#50 /home/mohamedelshazly/Documents/Medical-Clinic/vendor/laravel/framework/src/Illuminate/Routing/Pipeline.php(53): Illuminate\\Pipeline\\Pipeline->Illuminate\\Pipeline\\{closure}(Object(Illuminate\\Http\\Request))
#51 /home/mohamedelshazly/Documents/Medical-Clinic/vendor/laravel/framework/src/Illuminate/Pipeline/Pipeline.php(102): Illuminate\\Routing\\Pipeline->Illuminate\\Routing\\{closure}(Object(Illuminate\\Http\\Request))
#52 /home/mohamedelshazly/Documents/Medical-Clinic/vendor/laravel/framework/src/Illuminate/Foundation/Http/Kernel.php(151): Illuminate\\Pipeline\\Pipeline->then(Object(Closure))
#53 /home/mohamedelshazly/Documents/Medical-Clinic/vendor/laravel/framework/src/Illuminate/Foundation/Http/Kernel.php(116): Illuminate\\Foundation\\Http\\Kernel->sendRequestThroughRouter(Object(Illuminate\\Http\\Request))
#54 /home/mohamedelshazly/Documents/Medical-Clinic/public/index.php(55): Illuminate\\Foundation\\Http\\Kernel->handle(Object(Illuminate\\Http\\Request))
#55 /home/mohamedelshazly/Documents/Medical-Clinic/server.php(21): require_once('/home/mohamedel...')
#56 {main}
"} 
[2020-11-13 15:29:01] local.ERROR: Undefined variable: pages (View: /home/mohamedelshazly/Documents/Medical-Clinic/resources/views/pages/place.blade.php) {"userId":1,"email":"jessyca.haley@example.org","exception":"[object] (ErrorException(code: 0): Undefined variable: pages (View: /home/mohamedelshazly/Documents/Medical-Clinic/resources/views/pages/place.blade.php) at /home/mohamedelshazly/Documents/Medical-Clinic/storage/framework/views/973771b545a85c8118ea2971bfa78e974df20b3e.php:18, ErrorException(code: 0): Undefined variable: pages at /home/mohamedelshazly/Documents/Medical-Clinic/storage/framework/views/973771b545a85c8118ea2971bfa78e974df20b3e.php:18)
[stacktrace]
#0 /home/mohamedelshazly/Documents/Medical-Clinic/vendor/laravel/framework/src/Illuminate/View/Engines/PhpEngine.php(45): Illuminate\\View\\Engines\\CompilerEngine->handleViewException(Object(ErrorException), 1)
#1 /home/mohamedelshazly/Documents/Medical-Clinic/vendor/laravel/framework/src/Illuminate/View/Engines/CompilerEngine.php(59): Illuminate\\View\\Engines\\PhpEngine->evaluatePath('/home/mohamedel...', Array)
#2 /home/mohamedelshazly/Documents/Medical-Clinic/vendor/laravel/framework/src/Illuminate/View/View.php(137): Illuminate\\View\\Engines\\CompilerEngine->get('/home/mohamedel...', Array)
#3 /home/mohamedelshazly/Documents/Medical-Clinic/vendor/laravel/framework/src/Illuminate/View/View.php(120): Illuminate\\View\\View->getContents()
#4 /home/mohamedelshazly/Documents/Medical-Clinic/vendor/laravel/framework/src/Illuminate/View/View.php(85): Illuminate\\View\\View->renderContents()
#5 /home/mohamedelshazly/Documents/Medical-Clinic/vendor/laravel/framework/src/Illuminate/Http/Response.php(42): Illuminate\\View\\View->render()
#6 /home/mohamedelshazly/Documents/Medical-Clinic/vendor/symfony/http-foundation/Response.php(206): Illuminate\\Http\\Response->setContent(Object(Illuminate\\View\\View))
#7 /home/mohamedelshazly/Documents/Medical-Clinic/vendor/laravel/framework/src/Illuminate/Routing/Router.php(724): Symfony\\Component\\HttpFoundation\\Response->__construct(Object(Illuminate\\View\\View))
#8 /home/mohamedelshazly/Documents/Medical-Clinic/vendor/laravel/framework/src/Illuminate/Routing/Router.php(698): Illuminate\\Routing\\Router::toResponse(Object(Illuminate\\Http\\Request), Object(Illuminate\\View\\View))
#9 /home/mohamedelshazly/Documents/Medical-Clinic/vendor/laravel/framework/src/Illuminate/Routing/Router.php(658): Illuminate\\Routing\\Router->prepareResponse(Object(Illuminate\\Http\\Request), Object(Illuminate\\View\\View))
#10 /home/mohamedelshazly/Documents/Medical-Clinic/vendor/laravel/framework/src/Illuminate/Routing/Pipeline.php(30): Illuminate\\Routing\\Router->Illuminate\\Routing\\{closure}(Object(Illuminate\\Http\\Request))
#11 /home/mohamedelshazly/Documents/Medical-Clinic/vendor/laravel/framework/src/Illuminate/Routing/Middleware/SubstituteBindings.php(41): Illuminate\\Routing\\Pipeline->Illuminate\\Routing\\{closure}(Object(Illuminate\\Http\\Request))
#12 /home/mohamedelshazly/Documents/Medical-Clinic/vendor/laravel/framework/src/Illuminate/Pipeline/Pipeline.php(149): Illuminate\\Routing\\Middleware\\SubstituteBindings->handle(Object(Illuminate\\Http\\Request), Object(Closure))
#13 /home/mohamedelshazly/Documents/Medical-Clinic/vendor/laravel/framework/src/Illuminate/Routing/Pipeline.php(53): Illuminate\\Pipeline\\Pipeline->Illuminate\\Pipeline\\{closure}(Object(Illuminate\\Http\\Request))
#14 /home/mohamedelshazly/Documents/Medical-Clinic/vendor/laravel/framework/src/Illuminate/Foundation/Http/Middleware/VerifyCsrfToken.php(68): Illuminate\\Routing\\Pipeline->Illuminate\\Routing\\{closure}(Object(Illuminate\\Http\\Request))
#15 /home/mohamedelshazly/Documents/Medical-Clinic/vendor/laravel/framework/src/Illuminate/Pipeline/Pipeline.php(149): Illuminate\\Foundation\\Http\\Middleware\\VerifyCsrfToken->handle(Object(Illuminate\\Http\\Request), Object(Closure))
#16 /home/mohamedelshazly/Documents/Medical-Clinic/vendor/laravel/framework/src/Illuminate/Routing/Pipeline.php(53): Illuminate\\Pipeline\\Pipeline->Illuminate\\Pipeline\\{closure}(Object(Illuminate\\Http\\Request))
#17 /home/mohamedelshazly/Documents/Medical-Clinic/vendor/laravel/framework/src/Illuminate/View/Middleware/ShareErrorsFromSession.php(49): Illuminate\\Routing\\Pipeline->Illuminate\\Routing\\{closure}(Object(Illuminate\\Http\\Request))
#18 /home/mohamedelshazly/Documents/Medical-Clinic/vendor/laravel/framework/src/Illuminate/Pipeline/Pipeline.php(149): Illuminate\\View\\Middleware\\ShareErrorsFromSession->handle(Object(Illuminate\\Http\\Request), Object(Closure))
#19 /home/mohamedelshazly/Documents/Medical-Clinic/vendor/laravel/framework/src/Illuminate/Routing/Pipeline.php(53): Illuminate\\Pipeline\\Pipeline->Illuminate\\Pipeline\\{closure}(Object(Illuminate\\Http\\Request))
#20 /home/mohamedelshazly/Documents/Medical-Clinic/vendor/laravel/framework/src/Illuminate/Session/Middleware/StartSession.php(63): Illuminate\\Routing\\Pipeline->Illuminate\\Routing\\{closure}(Object(Illuminate\\Http\\Request))
#21 /home/mohamedelshazly/Documents/Medical-Clinic/vendor/laravel/framework/src/Illuminate/Pipeline/Pipeline.php(149): Illuminate\\Session\\Middleware\\StartSession->handle(Object(Illuminate\\Http\\Request), Object(Closure))
#22 /home/mohamedelshazly/Documents/Medical-Clinic/vendor/laravel/framework/src/Illuminate/Routing/Pipeline.php(53): Illuminate\\Pipeline\\Pipeline->Illuminate\\Pipeline\\{closure}(Object(Illuminate\\Http\\Request))
#23 /home/mohamedelshazly/Documents/Medical-Clinic/vendor/laravel/framework/src/Illuminate/Cookie/Middleware/AddQueuedCookiesToResponse.php(37): Illuminate\\Routing\\Pipeline->Illuminate\\Routing\\{closure}(Object(Illuminate\\Http\\Request))
#24 /home/mohamedelshazly/Documents/Medical-Clinic/vendor/laravel/framework/src/Illuminate/Pipeline/Pipeline.php(149): Illuminate\\Cookie\\Middleware\\AddQueuedCookiesToResponse->handle(Object(Illuminate\\Http\\Request), Object(Closure))
#25 /home/mohamedelshazly/Documents/Medical-Clinic/vendor/laravel/framework/src/Illuminate/Routing/Pipeline.php(53): Illuminate\\Pipeline\\Pipeline->Illuminate\\Pipeline\\{closure}(Object(Illuminate\\Http\\Request))
#26 /home/mohamedelshazly/Documents/Medical-Clinic/vendor/laravel/framework/src/Illuminate/Cookie/Middleware/EncryptCookies.php(68): Illuminate\\Routing\\Pipeline->Illuminate\\Routing\\{closure}(Object(Illuminate\\Http\\Request))
#27 /home/mohamedelshazly/Documents/Medical-Clinic/vendor/laravel/framework/src/Illuminate/Pipeline/Pipeline.php(149): Illuminate\\Cookie\\Middleware\\EncryptCookies->handle(Object(Illuminate\\Http\\Request), Object(Closure))
#28 /home/mohamedelshazly/Documents/Medical-Clinic/vendor/laravel/framework/src/Illuminate/Routing/Pipeline.php(53): Illuminate\\Pipeline\\Pipeline->Illuminate\\Pipeline\\{closure}(Object(Illuminate\\Http\\Request))
#29 /home/mohamedelshazly/Documents/Medical-Clinic/vendor/laravel/framework/src/Illuminate/Pipeline/Pipeline.php(102): Illuminate\\Routing\\Pipeline->Illuminate\\Routing\\{closure}(Object(Illuminate\\Http\\Request))
#30 /home/mohamedelshazly/Documents/Medical-Clinic/vendor/laravel/framework/src/Illuminate/Routing/Router.php(660): Illuminate\\Pipeline\\Pipeline->then(Object(Closure))
#31 /home/mohamedelshazly/Documents/Medical-Clinic/vendor/laravel/framework/src/Illuminate/Routing/Router.php(635): Illuminate\\Routing\\Router->runRouteWithinStack(Object(Illuminate\\Routing\\Route), Object(Illuminate\\Http\\Request))
#32 /home/mohamedelshazly/Documents/Medical-Clinic/vendor/laravel/framework/src/Illuminate/Routing/Router.php(601): Illuminate\\Routing\\Router->runRoute(Object(Illuminate\\Http\\Request), Object(Illuminate\\Routing\\Route))
#33 /home/mohamedelshazly/Documents/Medical-Clinic/vendor/laravel/framework/src/Illuminate/Routing/Router.php(590): Illuminate\\Routing\\Router->dispatchToRoute(Object(Illuminate\\Http\\Request))
#34 /home/mohamedelshazly/Documents/Medical-Clinic/vendor/laravel/framework/src/Illuminate/Foundation/Http/Kernel.php(176): Illuminate\\Routing\\Router->dispatch(Object(Illuminate\\Http\\Request))
#35 /home/mohamedelshazly/Documents/Medical-Clinic/vendor/laravel/framework/src/Illuminate/Routing/Pipeline.php(30): Illuminate\\Foundation\\Http\\Kernel->Illuminate\\Foundation\\Http\\{closure}(Object(Illuminate\\Http\\Request))
#36 /home/mohamedelshazly/Documents/Medical-Clinic/vendor/fideloper/proxy/src/TrustProxies.php(56): Illuminate\\Routing\\Pipeline->Illuminate\\Routing\\{closure}(Object(Illuminate\\Http\\Request))
#37 /home/mohamedelshazly/Documents/Medical-Clinic/vendor/laravel/framework/src/Illuminate/Pipeline/Pipeline.php(149): Fideloper\\Proxy\\TrustProxies->handle(Object(Illuminate\\Http\\Request), Object(Closure))
#38 /home/mohamedelshazly/Documents/Medical-Clinic/vendor/laravel/framework/src/Illuminate/Routing/Pipeline.php(53): Illuminate\\Pipeline\\Pipeline->Illuminate\\Pipeline\\{closure}(Object(Illuminate\\Http\\Request))
#39 /home/mohamedelshazly/Documents/Medical-Clinic/vendor/laravel/framework/src/Illuminate/Foundation/Http/Middleware/TransformsRequest.php(30): Illuminate\\Routing\\Pipeline->Illuminate\\Routing\\{closure}(Object(Illuminate\\Http\\Request))
#40 /home/mohamedelshazly/Documents/Medical-Clinic/vendor/laravel/framework/src/Illuminate/Pipeline/Pipeline.php(149): Illuminate\\Foundation\\Http\\Middleware\\TransformsRequest->handle(Object(Illuminate\\Http\\Request), Object(Closure))
#41 /home/mohamedelshazly/Documents/Medical-Clinic/vendor/laravel/framework/src/Illuminate/Routing/Pipeline.php(53): Illuminate\\Pipeline\\Pipeline->Illuminate\\Pipeline\\{closure}(Object(Illuminate\\Http\\Request))
#42 /home/mohamedelshazly/Documents/Medical-Clinic/vendor/laravel/framework/src/Illuminate/Foundation/Http/Middleware/TransformsRequest.php(30): Illuminate\\Routing\\Pipeline->Illuminate\\Routing\\{closure}(Object(Illuminate\\Http\\Request))
#43 /home/mohamedelshazly/Documents/Medical-Clinic/vendor/laravel/framework/src/Illuminate/Pipeline/Pipeline.php(149): Illuminate\\Foundation\\Http\\Middleware\\TransformsRequest->handle(Object(Illuminate\\Http\\Request), Object(Closure))
#44 /home/mohamedelshazly/Documents/Medical-Clinic/vendor/laravel/framework/src/Illuminate/Routing/Pipeline.php(53): Illuminate\\Pipeline\\Pipeline->Illuminate\\Pipeline\\{closure}(Object(Illuminate\\Http\\Request))
#45 /home/mohamedelshazly/Documents/Medical-Clinic/vendor/laravel/framework/src/Illuminate/Foundation/Http/Middleware/ValidatePostSize.php(27): Illuminate\\Routing\\Pipeline->Illuminate\\Routing\\{closure}(Object(Illuminate\\Http\\Request))
#46 /home/mohamedelshazly/Documents/Medical-Clinic/vendor/laravel/framework/src/Illuminate/Pipeline/Pipeline.php(149): Illuminate\\Foundation\\Http\\Middleware\\ValidatePostSize->handle(Object(Illuminate\\Http\\Request), Object(Closure))
#47 /home/mohamedelshazly/Documents/Medical-Clinic/vendor/laravel/framework/src/Illuminate/Routing/Pipeline.php(53): Illuminate\\Pipeline\\Pipeline->Illuminate\\Pipeline\\{closure}(Object(Illuminate\\Http\\Request))
#48 /home/mohamedelshazly/Documents/Medical-Clinic/vendor/laravel/framework/src/Illuminate/Foundation/Http/Middleware/CheckForMaintenanceMode.php(46): Illuminate\\Routing\\Pipeline->Illuminate\\Routing\\{closure}(Object(Illuminate\\Http\\Request))
#49 /home/mohamedelshazly/Documents/Medical-Clinic/vendor/laravel/framework/src/Illuminate/Pipeline/Pipeline.php(149): Illuminate\\Foundation\\Http\\Middleware\\CheckForMaintenanceMode->handle(Object(Illuminate\\Http\\Request), Object(Closure))
#50 /home/mohamedelshazly/Documents/Medical-Clinic/vendor/laravel/framework/src/Illuminate/Routing/Pipeline.php(53): Illuminate\\Pipeline\\Pipeline->Illuminate\\Pipeline\\{closure}(Object(Illuminate\\Http\\Request))
#51 /home/mohamedelshazly/Documents/Medical-Clinic/vendor/laravel/framework/src/Illuminate/Pipeline/Pipeline.php(102): Illuminate\\Routing\\Pipeline->Illuminate\\Routing\\{closure}(Object(Illuminate\\Http\\Request))
#52 /home/mohamedelshazly/Documents/Medical-Clinic/vendor/laravel/framework/src/Illuminate/Foundation/Http/Kernel.php(151): Illuminate\\Pipeline\\Pipeline->then(Object(Closure))
#53 /home/mohamedelshazly/Documents/Medical-Clinic/vendor/laravel/framework/src/Illuminate/Foundation/Http/Kernel.php(116): Illuminate\\Foundation\\Http\\Kernel->sendRequestThroughRouter(Object(Illuminate\\Http\\Request))
#54 /home/mohamedelshazly/Documents/Medical-Clinic/public/index.php(55): Illuminate\\Foundation\\Http\\Kernel->handle(Object(Illuminate\\Http\\Request))
#55 /home/mohamedelshazly/Documents/Medical-Clinic/server.php(21): require_once('/home/mohamedel...')
#56 {main}
"} 
[2020-11-13 15:34:20] local.ERROR: Undefined variable: place (View: /home/mohamedelshazly/Documents/Medical-Clinic/resources/views/pages/show.blade.php) {"userId":1,"email":"jessyca.haley@example.org","exception":"[object] (ErrorException(code: 0): Undefined variable: place (View: /home/mohamedelshazly/Documents/Medical-Clinic/resources/views/pages/show.blade.php) at /home/mohamedelshazly/Documents/Medical-Clinic/storage/framework/views/880259f31c7c01e5d9047fea0f2b4384524c889a.php:19, ErrorException(code: 0): Undefined variable: place at /home/mohamedelshazly/Documents/Medical-Clinic/storage/framework/views/880259f31c7c01e5d9047fea0f2b4384524c889a.php:19)
[stacktrace]
#0 /home/mohamedelshazly/Documents/Medical-Clinic/vendor/laravel/framework/src/Illuminate/View/Engines/PhpEngine.php(45): Illuminate\\View\\Engines\\CompilerEngine->handleViewException(Object(ErrorException), 1)
#1 /home/mohamedelshazly/Documents/Medical-Clinic/vendor/laravel/framework/src/Illuminate/View/Engines/CompilerEngine.php(59): Illuminate\\View\\Engines\\PhpEngine->evaluatePath('/home/mohamedel...', Array)
#2 /home/mohamedelshazly/Documents/Medical-Clinic/vendor/laravel/framework/src/Illuminate/View/View.php(137): Illuminate\\View\\Engines\\CompilerEngine->get('/home/mohamedel...', Array)
#3 /home/mohamedelshazly/Documents/Medical-Clinic/vendor/laravel/framework/src/Illuminate/View/View.php(120): Illuminate\\View\\View->getContents()
#4 /home/mohamedelshazly/Documents/Medical-Clinic/vendor/laravel/framework/src/Illuminate/View/View.php(85): Illuminate\\View\\View->renderContents()
#5 /home/mohamedelshazly/Documents/Medical-Clinic/vendor/laravel/framework/src/Illuminate/Http/Response.php(42): Illuminate\\View\\View->render()
#6 /home/mohamedelshazly/Documents/Medical-Clinic/vendor/symfony/http-foundation/Response.php(206): Illuminate\\Http\\Response->setContent(Object(Illuminate\\View\\View))
#7 /home/mohamedelshazly/Documents/Medical-Clinic/vendor/laravel/framework/src/Illuminate/Routing/Router.php(724): Symfony\\Component\\HttpFoundation\\Response->__construct(Object(Illuminate\\View\\View))
#8 /home/mohamedelshazly/Documents/Medical-Clinic/vendor/laravel/framework/src/Illuminate/Routing/Router.php(698): Illuminate\\Routing\\Router::toResponse(Object(Illuminate\\Http\\Request), Object(Illuminate\\View\\View))
#9 /home/mohamedelshazly/Documents/Medical-Clinic/vendor/laravel/framework/src/Illuminate/Routing/Router.php(658): Illuminate\\Routing\\Router->prepareResponse(Object(Illuminate\\Http\\Request), Object(Illuminate\\View\\View))
#10 /home/mohamedelshazly/Documents/Medical-Clinic/vendor/laravel/framework/src/Illuminate/Routing/Pipeline.php(30): Illuminate\\Routing\\Router->Illuminate\\Routing\\{closure}(Object(Illuminate\\Http\\Request))
#11 /home/mohamedelshazly/Documents/Medical-Clinic/vendor/laravel/framework/src/Illuminate/Routing/Middleware/SubstituteBindings.php(41): Illuminate\\Routing\\Pipeline->Illuminate\\Routing\\{closure}(Object(Illuminate\\Http\\Request))
#12 /home/mohamedelshazly/Documents/Medical-Clinic/vendor/laravel/framework/src/Illuminate/Pipeline/Pipeline.php(149): Illuminate\\Routing\\Middleware\\SubstituteBindings->handle(Object(Illuminate\\Http\\Request), Object(Closure))
#13 /home/mohamedelshazly/Documents/Medical-Clinic/vendor/laravel/framework/src/Illuminate/Routing/Pipeline.php(53): Illuminate\\Pipeline\\Pipeline->Illuminate\\Pipeline\\{closure}(Object(Illuminate\\Http\\Request))
#14 /home/mohamedelshazly/Documents/Medical-Clinic/vendor/laravel/framework/src/Illuminate/Foundation/Http/Middleware/VerifyCsrfToken.php(68): Illuminate\\Routing\\Pipeline->Illuminate\\Routing\\{closure}(Object(Illuminate\\Http\\Request))
#15 /home/mohamedelshazly/Documents/Medical-Clinic/vendor/laravel/framework/src/Illuminate/Pipeline/Pipeline.php(149): Illuminate\\Foundation\\Http\\Middleware\\VerifyCsrfToken->handle(Object(Illuminate\\Http\\Request), Object(Closure))
#16 /home/mohamedelshazly/Documents/Medical-Clinic/vendor/laravel/framework/src/Illuminate/Routing/Pipeline.php(53): Illuminate\\Pipeline\\Pipeline->Illuminate\\Pipeline\\{closure}(Object(Illuminate\\Http\\Request))
#17 /home/mohamedelshazly/Documents/Medical-Clinic/vendor/laravel/framework/src/Illuminate/View/Middleware/ShareErrorsFromSession.php(49): Illuminate\\Routing\\Pipeline->Illuminate\\Routing\\{closure}(Object(Illuminate\\Http\\Request))
#18 /home/mohamedelshazly/Documents/Medical-Clinic/vendor/laravel/framework/src/Illuminate/Pipeline/Pipeline.php(149): Illuminate\\View\\Middleware\\ShareErrorsFromSession->handle(Object(Illuminate\\Http\\Request), Object(Closure))
#19 /home/mohamedelshazly/Documents/Medical-Clinic/vendor/laravel/framework/src/Illuminate/Routing/Pipeline.php(53): Illuminate\\Pipeline\\Pipeline->Illuminate\\Pipeline\\{closure}(Object(Illuminate\\Http\\Request))
#20 /home/mohamedelshazly/Documents/Medical-Clinic/vendor/laravel/framework/src/Illuminate/Session/Middleware/StartSession.php(63): Illuminate\\Routing\\Pipeline->Illuminate\\Routing\\{closure}(Object(Illuminate\\Http\\Request))
#21 /home/mohamedelshazly/Documents/Medical-Clinic/vendor/laravel/framework/src/Illuminate/Pipeline/Pipeline.php(149): Illuminate\\Session\\Middleware\\StartSession->handle(Object(Illuminate\\Http\\Request), Object(Closure))
#22 /home/mohamedelshazly/Documents/Medical-Clinic/vendor/laravel/framework/src/Illuminate/Routing/Pipeline.php(53): Illuminate\\Pipeline\\Pipeline->Illuminate\\Pipeline\\{closure}(Object(Illuminate\\Http\\Request))
#23 /home/mohamedelshazly/Documents/Medical-Clinic/vendor/laravel/framework/src/Illuminate/Cookie/Middleware/AddQueuedCookiesToResponse.php(37): Illuminate\\Routing\\Pipeline->Illuminate\\Routing\\{closure}(Object(Illuminate\\Http\\Request))
#24 /home/mohamedelshazly/Documents/Medical-Clinic/vendor/laravel/framework/src/Illuminate/Pipeline/Pipeline.php(149): Illuminate\\Cookie\\Middleware\\AddQueuedCookiesToResponse->handle(Object(Illuminate\\Http\\Request), Object(Closure))
#25 /home/mohamedelshazly/Documents/Medical-Clinic/vendor/laravel/framework/src/Illuminate/Routing/Pipeline.php(53): Illuminate\\Pipeline\\Pipeline->Illuminate\\Pipeline\\{closure}(Object(Illuminate\\Http\\Request))
#26 /home/mohamedelshazly/Documents/Medical-Clinic/vendor/laravel/framework/src/Illuminate/Cookie/Middleware/EncryptCookies.php(68): Illuminate\\Routing\\Pipeline->Illuminate\\Routing\\{closure}(Object(Illuminate\\Http\\Request))
#27 /home/mohamedelshazly/Documents/Medical-Clinic/vendor/laravel/framework/src/Illuminate/Pipeline/Pipeline.php(149): Illuminate\\Cookie\\Middleware\\EncryptCookies->handle(Object(Illuminate\\Http\\Request), Object(Closure))
#28 /home/mohamedelshazly/Documents/Medical-Clinic/vendor/laravel/framework/src/Illuminate/Routing/Pipeline.php(53): Illuminate\\Pipeline\\Pipeline->Illuminate\\Pipeline\\{closure}(Object(Illuminate\\Http\\Request))
#29 /home/mohamedelshazly/Documents/Medical-Clinic/vendor/laravel/framework/src/Illuminate/Pipeline/Pipeline.php(102): Illuminate\\Routing\\Pipeline->Illuminate\\Routing\\{closure}(Object(Illuminate\\Http\\Request))
#30 /home/mohamedelshazly/Documents/Medical-Clinic/vendor/laravel/framework/src/Illuminate/Routing/Router.php(660): Illuminate\\Pipeline\\Pipeline->then(Object(Closure))
#31 /home/mohamedelshazly/Documents/Medical-Clinic/vendor/laravel/framework/src/Illuminate/Routing/Router.php(635): Illuminate\\Routing\\Router->runRouteWithinStack(Object(Illuminate\\Routing\\Route), Object(Illuminate\\Http\\Request))
#32 /home/mohamedelshazly/Documents/Medical-Clinic/vendor/laravel/framework/src/Illuminate/Routing/Router.php(601): Illuminate\\Routing\\Router->runRoute(Object(Illuminate\\Http\\Request), Object(Illuminate\\Routing\\Route))
#33 /home/mohamedelshazly/Documents/Medical-Clinic/vendor/laravel/framework/src/Illuminate/Routing/Router.php(590): Illuminate\\Routing\\Router->dispatchToRoute(Object(Illuminate\\Http\\Request))
#34 /home/mohamedelshazly/Documents/Medical-Clinic/vendor/laravel/framework/src/Illuminate/Foundation/Http/Kernel.php(176): Illuminate\\Routing\\Router->dispatch(Object(Illuminate\\Http\\Request))
#35 /home/mohamedelshazly/Documents/Medical-Clinic/vendor/laravel/framework/src/Illuminate/Routing/Pipeline.php(30): Illuminate\\Foundation\\Http\\Kernel->Illuminate\\Foundation\\Http\\{closure}(Object(Illuminate\\Http\\Request))
#36 /home/mohamedelshazly/Documents/Medical-Clinic/vendor/fideloper/proxy/src/TrustProxies.php(56): Illuminate\\Routing\\Pipeline->Illuminate\\Routing\\{closure}(Object(Illuminate\\Http\\Request))
#37 /home/mohamedelshazly/Documents/Medical-Clinic/vendor/laravel/framework/src/Illuminate/Pipeline/Pipeline.php(149): Fideloper\\Proxy\\TrustProxies->handle(Object(Illuminate\\Http\\Request), Object(Closure))
#38 /home/mohamedelshazly/Documents/Medical-Clinic/vendor/laravel/framework/src/Illuminate/Routing/Pipeline.php(53): Illuminate\\Pipeline\\Pipeline->Illuminate\\Pipeline\\{closure}(Object(Illuminate\\Http\\Request))
#39 /home/mohamedelshazly/Documents/Medical-Clinic/vendor/laravel/framework/src/Illuminate/Foundation/Http/Middleware/TransformsRequest.php(30): Illuminate\\Routing\\Pipeline->Illuminate\\Routing\\{closure}(Object(Illuminate\\Http\\Request))
#40 /home/mohamedelshazly/Documents/Medical-Clinic/vendor/laravel/framework/src/Illuminate/Pipeline/Pipeline.php(149): Illuminate\\Foundation\\Http\\Middleware\\TransformsRequest->handle(Object(Illuminate\\Http\\Request), Object(Closure))
#41 /home/mohamedelshazly/Documents/Medical-Clinic/vendor/laravel/framework/src/Illuminate/Routing/Pipeline.php(53): Illuminate\\Pipeline\\Pipeline->Illuminate\\Pipeline\\{closure}(Object(Illuminate\\Http\\Request))
#42 /home/mohamedelshazly/Documents/Medical-Clinic/vendor/laravel/framework/src/Illuminate/Foundation/Http/Middleware/TransformsRequest.php(30): Illuminate\\Routing\\Pipeline->Illuminate\\Routing\\{closure}(Object(Illuminate\\Http\\Request))
#43 /home/mohamedelshazly/Documents/Medical-Clinic/vendor/laravel/framework/src/Illuminate/Pipeline/Pipeline.php(149): Illuminate\\Foundation\\Http\\Middleware\\TransformsRequest->handle(Object(Illuminate\\Http\\Request), Object(Closure))
#44 /home/mohamedelshazly/Documents/Medical-Clinic/vendor/laravel/framework/src/Illuminate/Routing/Pipeline.php(53): Illuminate\\Pipeline\\Pipeline->Illuminate\\Pipeline\\{closure}(Object(Illuminate\\Http\\Request))
#45 /home/mohamedelshazly/Documents/Medical-Clinic/vendor/laravel/framework/src/Illuminate/Foundation/Http/Middleware/ValidatePostSize.php(27): Illuminate\\Routing\\Pipeline->Illuminate\\Routing\\{closure}(Object(Illuminate\\Http\\Request))
#46 /home/mohamedelshazly/Documents/Medical-Clinic/vendor/laravel/framework/src/Illuminate/Pipeline/Pipeline.php(149): Illuminate\\Foundation\\Http\\Middleware\\ValidatePostSize->handle(Object(Illuminate\\Http\\Request), Object(Closure))
#47 /home/mohamedelshazly/Documents/Medical-Clinic/vendor/laravel/framework/src/Illuminate/Routing/Pipeline.php(53): Illuminate\\Pipeline\\Pipeline->Illuminate\\Pipeline\\{closure}(Object(Illuminate\\Http\\Request))
#48 /home/mohamedelshazly/Documents/Medical-Clinic/vendor/laravel/framework/src/Illuminate/Foundation/Http/Middleware/CheckForMaintenanceMode.php(46): Illuminate\\Routing\\Pipeline->Illuminate\\Routing\\{closure}(Object(Illuminate\\Http\\Request))
#49 /home/mohamedelshazly/Documents/Medical-Clinic/vendor/laravel/framework/src/Illuminate/Pipeline/Pipeline.php(149): Illuminate\\Foundation\\Http\\Middleware\\CheckForMaintenanceMode->handle(Object(Illuminate\\Http\\Request), Object(Closure))
#50 /home/mohamedelshazly/Documents/Medical-Clinic/vendor/laravel/framework/src/Illuminate/Routing/Pipeline.php(53): Illuminate\\Pipeline\\Pipeline->Illuminate\\Pipeline\\{closure}(Object(Illuminate\\Http\\Request))
#51 /home/mohamedelshazly/Documents/Medical-Clinic/vendor/laravel/framework/src/Illuminate/Pipeline/Pipeline.php(102): Illuminate\\Routing\\Pipeline->Illuminate\\Routing\\{closure}(Object(Illuminate\\Http\\Request))
#52 /home/mohamedelshazly/Documents/Medical-Clinic/vendor/laravel/framework/src/Illuminate/Foundation/Http/Kernel.php(151): Illuminate\\Pipeline\\Pipeline->then(Object(Closure))
#53 /home/mohamedelshazly/Documents/Medical-Clinic/vendor/laravel/framework/src/Illuminate/Foundation/Http/Kernel.php(116): Illuminate\\Foundation\\Http\\Kernel->sendRequestThroughRouter(Object(Illuminate\\Http\\Request))
#54 /home/mohamedelshazly/Documents/Medical-Clinic/public/index.php(55): Illuminate\\Foundation\\Http\\Kernel->handle(Object(Illuminate\\Http\\Request))
#55 /home/mohamedelshazly/Documents/Medical-Clinic/server.php(21): require_once('/home/mohamedel...')
#56 {main}
"} 
[2020-11-13 15:56:46] local.ERROR: SQLSTATE[42S22]: Column not found: 1054 Unknown column 'logo_footer_id' in 'field list' (SQL: update `settings` set `updated_at` = 2020-11-13 15:56:46, `logo_footer_id` = 14 where `id` = 1) {"userId":1,"email":"jessyca.haley@example.org","exception":"[object] (Illuminate\\Database\\QueryException(code: 42S22): SQLSTATE[42S22]: Column not found: 1054 Unknown column 'logo_footer_id' in 'field list' (SQL: update `settings` set `updated_at` = 2020-11-13 15:56:46, `logo_footer_id` = 14 where `id` = 1) at /home/mohamedelshazly/Documents/Medical-Clinic/vendor/laravel/framework/src/Illuminate/Database/Connection.php:664, PDOException(code: 42S22): SQLSTATE[42S22]: Column not found: 1054 Unknown column 'logo_footer_id' in 'field list' at /home/mohamedelshazly/Documents/Medical-Clinic/vendor/laravel/framework/src/Illuminate/Database/Connection.php:479)
[stacktrace]
#0 /home/mohamedelshazly/Documents/Medical-Clinic/vendor/laravel/framework/src/Illuminate/Database/Connection.php(624): Illuminate\\Database\\Connection->runQueryCallback('update `setting...', Array, Object(Closure))
#1 /home/mohamedelshazly/Documents/Medical-Clinic/vendor/laravel/framework/src/Illuminate/Database/Connection.php(490): Illuminate\\Database\\Connection->run('update `setting...', Array, Object(Closure))
#2 /home/mohamedelshazly/Documents/Medical-Clinic/vendor/laravel/framework/src/Illuminate/Database/Connection.php(423): Illuminate\\Database\\Connection->affectingStatement('update `setting...', Array)
#3 /home/mohamedelshazly/Documents/Medical-Clinic/vendor/laravel/framework/src/Illuminate/Database/Query/Builder.php(2173): Illuminate\\Database\\Connection->update('update `setting...', Array)
#4 /home/mohamedelshazly/Documents/Medical-Clinic/vendor/laravel/framework/src/Illuminate/Database/Eloquent/Builder.php(780): Illuminate\\Database\\Query\\Builder->update(Array)
#5 /home/mohamedelshazly/Documents/Medical-Clinic/vendor/laravel/framework/src/Illuminate/Database/Eloquent/Model.php(628): Illuminate\\Database\\Eloquent\\Builder->update(Array)
#6 /home/mohamedelshazly/Documents/Medical-Clinic/vendor/laravel/framework/src/Illuminate/Database/Eloquent/Model.php(543): Illuminate\\Database\\Eloquent\\Model->performUpdate(Object(Illuminate\\Database\\Eloquent\\Builder))
#7 /home/mohamedelshazly/Documents/Medical-Clinic/vendor/laravel/framework/src/Illuminate/Database/Eloquent/Model.php(490): Illuminate\\Database\\Eloquent\\Model->save(Array)
#8 /home/mohamedelshazly/Documents/Medical-Clinic/app/Http/Controllers/siteAdmin/settingsController.php(31): Illuminate\\Database\\Eloquent\\Model->update(Array)
#9 [internal function]: App\\Http\\Controllers\\siteAdmin\\settingsController->edit(Object(Illuminate\\Http\\Request))
#10 /home/mohamedelshazly/Documents/Medical-Clinic/vendor/laravel/framework/src/Illuminate/Routing/Controller.php(54): call_user_func_array(Array, Array)
#11 /home/mohamedelshazly/Documents/Medical-Clinic/vendor/laravel/framework/src/Illuminate/Routing/ControllerDispatcher.php(45): Illuminate\\Routing\\Controller->callAction('edit', Array)
#12 /home/mohamedelshazly/Documents/Medical-Clinic/vendor/laravel/framework/src/Illuminate/Routing/Route.php(212): Illuminate\\Routing\\ControllerDispatcher->dispatch(Object(Illuminate\\Routing\\Route), Object(App\\Http\\Controllers\\siteAdmin\\settingsController), 'edit')
#13 /home/mohamedelshazly/Documents/Medical-Clinic/vendor/laravel/framework/src/Illuminate/Routing/Route.php(169): Illuminate\\Routing\\Route->runController()
#14 /home/mohamedelshazly/Documents/Medical-Clinic/vendor/laravel/framework/src/Illuminate/Routing/Router.php(658): Illuminate\\Routing\\Route->run()
#15 /home/mohamedelshazly/Documents/Medical-Clinic/vendor/laravel/framework/src/Illuminate/Routing/Pipeline.php(30): Illuminate\\Routing\\Router->Illuminate\\Routing\\{closure}(Object(Illuminate\\Http\\Request))
#16 /home/mohamedelshazly/Documents/Medical-Clinic/app/Http/Middleware/Admin.php(22): Illuminate\\Routing\\Pipeline->Illuminate\\Routing\\{closure}(Object(Illuminate\\Http\\Request))
#17 /home/mohamedelshazly/Documents/Medical-Clinic/vendor/laravel/framework/src/Illuminate/Pipeline/Pipeline.php(149): App\\Http\\Middleware\\Admin->handle(Object(Illuminate\\Http\\Request), Object(Closure))
#18 /home/mohamedelshazly/Documents/Medical-Clinic/vendor/laravel/framework/src/Illuminate/Routing/Pipeline.php(53): Illuminate\\Pipeline\\Pipeline->Illuminate\\Pipeline\\{closure}(Object(Illuminate\\Http\\Request))
#19 /home/mohamedelshazly/Documents/Medical-Clinic/vendor/laravel/framework/src/Illuminate/Routing/Middleware/SubstituteBindings.php(41): Illuminate\\Routing\\Pipeline->Illuminate\\Routing\\{closure}(Object(Illuminate\\Http\\Request))
#20 /home/mohamedelshazly/Documents/Medical-Clinic/vendor/laravel/framework/src/Illuminate/Pipeline/Pipeline.php(149): Illuminate\\Routing\\Middleware\\SubstituteBindings->handle(Object(Illuminate\\Http\\Request), Object(Closure))
#21 /home/mohamedelshazly/Documents/Medical-Clinic/vendor/laravel/framework/src/Illuminate/Routing/Pipeline.php(53): Illuminate\\Pipeline\\Pipeline->Illuminate\\Pipeline\\{closure}(Object(Illuminate\\Http\\Request))
#22 /home/mohamedelshazly/Documents/Medical-Clinic/vendor/laravel/framework/src/Illuminate/Foundation/Http/Middleware/VerifyCsrfToken.php(68): Illuminate\\Routing\\Pipeline->Illuminate\\Routing\\{closure}(Object(Illuminate\\Http\\Request))
#23 /home/mohamedelshazly/Documents/Medical-Clinic/vendor/laravel/framework/src/Illuminate/Pipeline/Pipeline.php(149): Illuminate\\Foundation\\Http\\Middleware\\VerifyCsrfToken->handle(Object(Illuminate\\Http\\Request), Object(Closure))
#24 /home/mohamedelshazly/Documents/Medical-Clinic/vendor/laravel/framework/src/Illuminate/Routing/Pipeline.php(53): Illuminate\\Pipeline\\Pipeline->Illuminate\\Pipeline\\{closure}(Object(Illuminate\\Http\\Request))
#25 /home/mohamedelshazly/Documents/Medical-Clinic/vendor/laravel/framework/src/Illuminate/View/Middleware/ShareErrorsFromSession.php(49): Illuminate\\Routing\\Pipeline->Illuminate\\Routing\\{closure}(Object(Illuminate\\Http\\Request))
#26 /home/mohamedelshazly/Documents/Medical-Clinic/vendor/laravel/framework/src/Illuminate/Pipeline/Pipeline.php(149): Illuminate\\View\\Middleware\\ShareErrorsFromSession->handle(Object(Illuminate\\Http\\Request), Object(Closure))
#27 /home/mohamedelshazly/Documents/Medical-Clinic/vendor/laravel/framework/src/Illuminate/Routing/Pipeline.php(53): Illuminate\\Pipeline\\Pipeline->Illuminate\\Pipeline\\{closure}(Object(Illuminate\\Http\\Request))
#28 /home/mohamedelshazly/Documents/Medical-Clinic/vendor/laravel/framework/src/Illuminate/Session/Middleware/StartSession.php(63): Illuminate\\Routing\\Pipeline->Illuminate\\Routing\\{closure}(Object(Illuminate\\Http\\Request))
#29 /home/mohamedelshazly/Documents/Medical-Clinic/vendor/laravel/framework/src/Illuminate/Pipeline/Pipeline.php(149): Illuminate\\Session\\Middleware\\StartSession->handle(Object(Illuminate\\Http\\Request), Object(Closure))
#30 /home/mohamedelshazly/Documents/Medical-Clinic/vendor/laravel/framework/src/Illuminate/Routing/Pipeline.php(53): Illuminate\\Pipeline\\Pipeline->Illuminate\\Pipeline\\{closure}(Object(Illuminate\\Http\\Request))
#31 /home/mohamedelshazly/Documents/Medical-Clinic/vendor/laravel/framework/src/Illuminate/Cookie/Middleware/AddQueuedCookiesToResponse.php(37): Illuminate\\Routing\\Pipeline->Illuminate\\Routing\\{closure}(Object(Illuminate\\Http\\Request))
#32 /home/mohamedelshazly/Documents/Medical-Clinic/vendor/laravel/framework/src/Illuminate/Pipeline/Pipeline.php(149): Illuminate\\Cookie\\Middleware\\AddQueuedCookiesToResponse->handle(Object(Illuminate\\Http\\Request), Object(Closure))
#33 /home/mohamedelshazly/Documents/Medical-Clinic/vendor/laravel/framework/src/Illuminate/Routing/Pipeline.php(53): Illuminate\\Pipeline\\Pipeline->Illuminate\\Pipeline\\{closure}(Object(Illuminate\\Http\\Request))
#34 /home/mohamedelshazly/Documents/Medical-Clinic/vendor/laravel/framework/src/Illuminate/Cookie/Middleware/EncryptCookies.php(68): Illuminate\\Routing\\Pipeline->Illuminate\\Routing\\{closure}(Object(Illuminate\\Http\\Request))
#35 /home/mohamedelshazly/Documents/Medical-Clinic/vendor/laravel/framework/src/Illuminate/Pipeline/Pipeline.php(149): Illuminate\\Cookie\\Middleware\\EncryptCookies->handle(Object(Illuminate\\Http\\Request), Object(Closure))
#36 /home/mohamedelshazly/Documents/Medical-Clinic/vendor/laravel/framework/src/Illuminate/Routing/Pipeline.php(53): Illuminate\\Pipeline\\Pipeline->Illuminate\\Pipeline\\{closure}(Object(Illuminate\\Http\\Request))
#37 /home/mohamedelshazly/Documents/Medical-Clinic/vendor/laravel/framework/src/Illuminate/Pipeline/Pipeline.php(102): Illuminate\\Routing\\Pipeline->Illuminate\\Routing\\{closure}(Object(Illuminate\\Http\\Request))
#38 /home/mohamedelshazly/Documents/Medical-Clinic/vendor/laravel/framework/src/Illuminate/Routing/Router.php(660): Illuminate\\Pipeline\\Pipeline->then(Object(Closure))
#39 /home/mohamedelshazly/Documents/Medical-Clinic/vendor/laravel/framework/src/Illuminate/Routing/Router.php(635): Illuminate\\Routing\\Router->runRouteWithinStack(Object(Illuminate\\Routing\\Route), Object(Illuminate\\Http\\Request))
#40 /home/mohamedelshazly/Documents/Medical-Clinic/vendor/laravel/framework/src/Illuminate/Routing/Router.php(601): Illuminate\\Routing\\Router->runRoute(Object(Illuminate\\Http\\Request), Object(Illuminate\\Routing\\Route))
#41 /home/mohamedelshazly/Documents/Medical-Clinic/vendor/laravel/framework/src/Illuminate/Routing/Router.php(590): Illuminate\\Routing\\Router->dispatchToRoute(Object(Illuminate\\Http\\Request))
#42 /home/mohamedelshazly/Documents/Medical-Clinic/vendor/laravel/framework/src/Illuminate/Foundation/Http/Kernel.php(176): Illuminate\\Routing\\Router->dispatch(Object(Illuminate\\Http\\Request))
#43 /home/mohamedelshazly/Documents/Medical-Clinic/vendor/laravel/framework/src/Illuminate/Routing/Pipeline.php(30): Illuminate\\Foundation\\Http\\Kernel->Illuminate\\Foundation\\Http\\{closure}(Object(Illuminate\\Http\\Request))
#44 /home/mohamedelshazly/Documents/Medical-Clinic/vendor/fideloper/proxy/src/TrustProxies.php(56): Illuminate\\Routing\\Pipeline->Illuminate\\Routing\\{closure}(Object(Illuminate\\Http\\Request))
#45 /home/mohamedelshazly/Documents/Medical-Clinic/vendor/laravel/framework/src/Illuminate/Pipeline/Pipeline.php(149): Fideloper\\Proxy\\TrustProxies->handle(Object(Illuminate\\Http\\Request), Object(Closure))
#46 /home/mohamedelshazly/Documents/Medical-Clinic/vendor/laravel/framework/src/Illuminate/Routing/Pipeline.php(53): Illuminate\\Pipeline\\Pipeline->Illuminate\\Pipeline\\{closure}(Object(Illuminate\\Http\\Request))
#47 /home/mohamedelshazly/Documents/Medical-Clinic/vendor/laravel/framework/src/Illuminate/Foundation/Http/Middleware/TransformsRequest.php(30): Illuminate\\Routing\\Pipeline->Illuminate\\Routing\\{closure}(Object(Illuminate\\Http\\Request))
#48 /home/mohamedelshazly/Documents/Medical-Clinic/vendor/laravel/framework/src/Illuminate/Pipeline/Pipeline.php(149): Illuminate\\Foundation\\Http\\Middleware\\TransformsRequest->handle(Object(Illuminate\\Http\\Request), Object(Closure))
#49 /home/mohamedelshazly/Documents/Medical-Clinic/vendor/laravel/framework/src/Illuminate/Routing/Pipeline.php(53): Illuminate\\Pipeline\\Pipeline->Illuminate\\Pipeline\\{closure}(Object(Illuminate\\Http\\Request))
#50 /home/mohamedelshazly/Documents/Medical-Clinic/vendor/laravel/framework/src/Illuminate/Foundation/Http/Middleware/TransformsRequest.php(30): Illuminate\\Routing\\Pipeline->Illuminate\\Routing\\{closure}(Object(Illuminate\\Http\\Request))
#51 /home/mohamedelshazly/Documents/Medical-Clinic/vendor/laravel/framework/src/Illuminate/Pipeline/Pipeline.php(149): Illuminate\\Foundation\\Http\\Middleware\\TransformsRequest->handle(Object(Illuminate\\Http\\Request), Object(Closure))
#52 /home/mohamedelshazly/Documents/Medical-Clinic/vendor/laravel/framework/src/Illuminate/Routing/Pipeline.php(53): Illuminate\\Pipeline\\Pipeline->Illuminate\\Pipeline\\{closure}(Object(Illuminate\\Http\\Request))
#53 /home/mohamedelshazly/Documents/Medical-Clinic/vendor/laravel/framework/src/Illuminate/Foundation/Http/Middleware/ValidatePostSize.php(27): Illuminate\\Routing\\Pipeline->Illuminate\\Routing\\{closure}(Object(Illuminate\\Http\\Request))
#54 /home/mohamedelshazly/Documents/Medical-Clinic/vendor/laravel/framework/src/Illuminate/Pipeline/Pipeline.php(149): Illuminate\\Foundation\\Http\\Middleware\\ValidatePostSize->handle(Object(Illuminate\\Http\\Request), Object(Closure))
#55 /home/mohamedelshazly/Documents/Medical-Clinic/vendor/laravel/framework/src/Illuminate/Routing/Pipeline.php(53): Illuminate\\Pipeline\\Pipeline->Illuminate\\Pipeline\\{closure}(Object(Illuminate\\Http\\Request))
#56 /home/mohamedelshazly/Documents/Medical-Clinic/vendor/laravel/framework/src/Illuminate/Foundation/Http/Middleware/CheckForMaintenanceMode.php(46): Illuminate\\Routing\\Pipeline->Illuminate\\Routing\\{closure}(Object(Illuminate\\Http\\Request))
#57 /home/mohamedelshazly/Documents/Medical-Clinic/vendor/laravel/framework/src/Illuminate/Pipeline/Pipeline.php(149): Illuminate\\Foundation\\Http\\Middleware\\CheckForMaintenanceMode->handle(Object(Illuminate\\Http\\Request), Object(Closure))
#58 /home/mohamedelshazly/Documents/Medical-Clinic/vendor/laravel/framework/src/Illuminate/Routing/Pipeline.php(53): Illuminate\\Pipeline\\Pipeline->Illuminate\\Pipeline\\{closure}(Object(Illuminate\\Http\\Request))
#59 /home/mohamedelshazly/Documents/Medical-Clinic/vendor/laravel/framework/src/Illuminate/Pipeline/Pipeline.php(102): Illuminate\\Routing\\Pipeline->Illuminate\\Routing\\{closure}(Object(Illuminate\\Http\\Request))
#60 /home/mohamedelshazly/Documents/Medical-Clinic/vendor/laravel/framework/src/Illuminate/Foundation/Http/Kernel.php(151): Illuminate\\Pipeline\\Pipeline->then(Object(Closure))
#61 /home/mohamedelshazly/Documents/Medical-Clinic/vendor/laravel/framework/src/Illuminate/Foundation/Http/Kernel.php(116): Illuminate\\Foundation\\Http\\Kernel->sendRequestThroughRouter(Object(Illuminate\\Http\\Request))
#62 /home/mohamedelshazly/Documents/Medical-Clinic/public/index.php(55): Illuminate\\Foundation\\Http\\Kernel->handle(Object(Illuminate\\Http\\Request))
#63 /home/mohamedelshazly/Documents/Medical-Clinic/server.php(21): require_once('/home/mohamedel...')
#64 {main}
"} 
